<?xml version="1.0" encoding="UTF-8"?>
<!-- Generated by org.testng.reporters.JUnitReportReporter -->
<testsuite hostname="LIN-5CD530880Y" failures="0" tests="3" name="runners.TestRunner_Login" time="10.195" errors="0" timestamp="2025-11-14T15:08:23 IST" skipped="0">
  <testcase classname="runners.TestRunner_Login" name="runScenario" time="2.953"/>
  <testcase classname="runners.TestRunner_Login" name="runScenario" time="4.165"/>
  <testcase classname="runners.TestRunner_Login" name="runScenario" time="3.077"/>
</testsuite> <!-- runners.TestRunner_Login -->
